<?xml version="1.0" encoding="UTF-8"?>
<testsuite name="shop.app.server.service.CommunicationGroupTestCase" tests="4" skipped="0" failures="0" errors="0" timestamp="2015-11-18T11:13:14" hostname="841e5ca0647a" time="0.153">
  <properties/>
  <testcase name="test1Save" classname="shop.app.server.service.CommunicationGroupTestCase" time="0.063"/>
  <testcase name="test2Update" classname="shop.app.server.service.CommunicationGroupTestCase" time="0.044"/>
  <testcase name="test3FindById" classname="shop.app.server.service.CommunicationGroupTestCase" time="0.007"/>
  <testcase name="test4Delete" classname="shop.app.server.service.CommunicationGroupTestCase" time="0.038"/>
  <system-out><![CDATA[Setting logged in user info for ADD
In around repository aspect
[EL Fine]: sql: 2015-11-18 11:13:14.945--ClientSession(1138901729)--Connection(725724072)--Thread(Thread[Test worker,5,main])--INSERT INTO ast_CommunicationGroup_M (commGroupId, commGroupDescription, commGroupName, versionId, createdBy, createdDate, updatedBy, updatedDate, activeStatus, txnAccessCode) VALUES (?, ?, ?, ?, ?, ?, ?, ?, ?, ?)
	bind => [F86A7146-F3BE-40DA-998E-2E1642803701, 9LANyFZFjiP4fPYRoPLrW4kkitDOk0k5PaBxTvYOdsaMSrgOz0, FUDhTPMUOEGjWb5B0JkgElmau4E6UXdyCKg2KwvUpYZqc3sz92, 1, AAAAA, 2015-11-18 16:43:14.937, null, 2015-11-18 16:43:14.937, 1, null]
In around repository aspect
[EL Fine]: sql: 2015-11-18 11:13:14.993--ClientSession(1224946051)--Connection(725724072)--Thread(Thread[Test worker,5,main])--SELECT commGroupId, commGroupDescription, commGroupName, versionId, createdBy, createdDate, updatedBy, updatedDate, activeStatus, txnAccessCode FROM ast_CommunicationGroup_M WHERE ((activeStatus = ?) AND (commGroupId = ?))
	bind => [1, F86A7146-F3BE-40DA-998E-2E1642803701]
Setting logged in user info for UPDATE
In around repository aspect
[EL Fine]: sql: 2015-11-18 11:13:14.997--ClientSession(797788755)--Connection(725724072)--Thread(Thread[Test worker,5,main])--SELECT commGroupId, commGroupDescription, commGroupName, versionId, createdBy, createdDate, updatedBy, updatedDate, activeStatus, txnAccessCode FROM ast_CommunicationGroup_M WHERE (commGroupId = ?)
	bind => [F86A7146-F3BE-40DA-998E-2E1642803701]
[EL Fine]: sql: 2015-11-18 11:13:15.0--ClientSession(797788755)--Connection(725724072)--Thread(Thread[Test worker,5,main])--UPDATE ast_CommunicationGroup_M SET commGroupDescription = ?, commGroupName = ?, updatedBy = ?, versionId = ? WHERE ((commGroupId = ?) AND (versionId = ?))
	bind => [zGnS6ssA2iUzWproXbgIGof6OR6MWazUHV31viZc0CsOrrtIEl, BSxraYlOr54DWIlYDr9UM3SzFPVtpXQypX6Vr7OSbcPy9g7UFM, AAAAA, 2, F86A7146-F3BE-40DA-998E-2E1642803701, 1]
In around repository aspect
[EL Fine]: sql: 2015-11-18 11:13:15.036--ClientSession(1163936028)--Connection(725724072)--Thread(Thread[Test worker,5,main])--SELECT commGroupId, commGroupDescription, commGroupName, versionId, createdBy, createdDate, updatedBy, updatedDate, activeStatus, txnAccessCode FROM ast_CommunicationGroup_M WHERE ((activeStatus = ?) AND (commGroupId = ?))
	bind => [1, F86A7146-F3BE-40DA-998E-2E1642803701]
In around repository aspect
[EL Fine]: sql: 2015-11-18 11:13:15.045--ClientSession(14840101)--Connection(725724072)--Thread(Thread[Test worker,5,main])--SELECT commGroupId, commGroupDescription, commGroupName, versionId, createdBy, createdDate, updatedBy, updatedDate, activeStatus, txnAccessCode FROM ast_CommunicationGroup_M WHERE (commGroupId = ?)
	bind => [F86A7146-F3BE-40DA-998E-2E1642803701]
[EL Fine]: sql: 2015-11-18 11:13:15.047--ClientSession(14840101)--Connection(725724072)--Thread(Thread[Test worker,5,main])--DELETE FROM ast_CommunicationGroup_M WHERE ((commGroupId = ?) AND (versionId = ?))
	bind => [F86A7146-F3BE-40DA-998E-2E1642803701, 2]
]]></system-out>
  <system-err><![CDATA[]]></system-err>
</testsuite>
