<?xml version="1.0" encoding="UTF-8"?>
<testsuite name="shop.app.server.service.PasswordAlgoTestCase" tests="4" skipped="0" failures="0" errors="0" timestamp="2015-11-18T11:13:21" hostname="841e5ca0647a" time="0.242">
  <properties/>
  <testcase name="test1Save" classname="shop.app.server.service.PasswordAlgoTestCase" time="0.086"/>
  <testcase name="test2Update" classname="shop.app.server.service.PasswordAlgoTestCase" time="0.044"/>
  <testcase name="test3FindById" classname="shop.app.server.service.PasswordAlgoTestCase" time="0.007"/>
  <testcase name="test4Delete" classname="shop.app.server.service.PasswordAlgoTestCase" time="0.104"/>
  <system-out><![CDATA[Setting logged in user info for ADD
In around repository aspect
[EL Fine]: sql: 2015-11-18 11:13:21.129--ClientSession(497882963)--Connection(725724072)--Thread(Thread[Test worker,5,main])--INSERT INTO ast_PasswordAlgo_M (algoId, algoDescription, algoHelp, algoIcon, algoName, algorithm, versionId, createdBy, createdDate, updatedBy, updatedDate, activeStatus, txnAccessCode) VALUES (?, ?, ?, ?, ?, ?, ?, ?, ?, ?, ?, ?, ?)
	bind => [93D4872C-CC6C-465B-B1F6-62E6FBBC93B0, owOyg6rQXN9K3iOHacmtBEpX0FGSDCYESp9HCDNkBQUrefKuAY, 8G2NWceJBnRT0OUcz0SxequUyfOJNvENaGDVQLLicT5FKBvLPN, iVJQ6C0DX48T6l59esvfyT3AfV29cy1gWy6Kmenr0FdICas6wt, yurKy3wC6yk3WicThageidkHUqxxVXyVqY1TEPEiJPmSUdKarH, 2, 1, AAAAA, 2015-11-18 16:43:21.092, null, 2015-11-18 16:43:21.092, 1, null]
In around repository aspect
[EL Fine]: sql: 2015-11-18 11:13:21.169--ClientSession(554953280)--Connection(725724072)--Thread(Thread[Test worker,5,main])--SELECT algoId, algoDescription, algoHelp, algoIcon, algoName, algorithm, versionId, createdBy, createdDate, updatedBy, updatedDate, activeStatus, txnAccessCode FROM ast_PasswordAlgo_M WHERE ((activeStatus = ?) AND (algoId = ?))
	bind => [1, 93D4872C-CC6C-465B-B1F6-62E6FBBC93B0]
Setting logged in user info for UPDATE
In around repository aspect
[EL Fine]: sql: 2015-11-18 11:13:21.173--ClientSession(1520381067)--Connection(725724072)--Thread(Thread[Test worker,5,main])--SELECT algoId, algoDescription, algoHelp, algoIcon, algoName, algorithm, versionId, createdBy, createdDate, updatedBy, updatedDate, activeStatus, txnAccessCode FROM ast_PasswordAlgo_M WHERE (algoId = ?)
	bind => [93D4872C-CC6C-465B-B1F6-62E6FBBC93B0]
[EL Fine]: sql: 2015-11-18 11:13:21.175--ClientSession(1520381067)--Connection(725724072)--Thread(Thread[Test worker,5,main])--UPDATE ast_PasswordAlgo_M SET algoDescription = ?, algoHelp = ?, algoIcon = ?, algoName = ?, algorithm = ?, updatedBy = ?, versionId = ? WHERE ((algoId = ?) AND (versionId = ?))
	bind => [nQg7XRPHLCagalmseCTZUYyt3MPRwM8xqemVwWagIkADEqFpBZ, 5NGPBnjbQxCANG4nlcM0Tmn5xND476VRL186OXfBGF2bL183qN, d0d47oB70cZo9S6zcEREVszZGUAbRIS4hhngNO9qXHntJ8e4Q0, o7aMr0WrHaCcJAYmz7SHgC5YW6g95vaqjoIOvMR7sdKLCsS8tA, 7, AAAAA, 2, 93D4872C-CC6C-465B-B1F6-62E6FBBC93B0, 1]
In around repository aspect
[EL Fine]: sql: 2015-11-18 11:13:21.215--ClientSession(857141220)--Connection(725724072)--Thread(Thread[Test worker,5,main])--SELECT algoId, algoDescription, algoHelp, algoIcon, algoName, algorithm, versionId, createdBy, createdDate, updatedBy, updatedDate, activeStatus, txnAccessCode FROM ast_PasswordAlgo_M WHERE ((activeStatus = ?) AND (algoId = ?))
	bind => [1, 93D4872C-CC6C-465B-B1F6-62E6FBBC93B0]
In around repository aspect
[EL Fine]: sql: 2015-11-18 11:13:21.221--ClientSession(2137783780)--Connection(725724072)--Thread(Thread[Test worker,5,main])--SELECT algoId, algoDescription, algoHelp, algoIcon, algoName, algorithm, versionId, createdBy, createdDate, updatedBy, updatedDate, activeStatus, txnAccessCode FROM ast_PasswordAlgo_M WHERE (algoId = ?)
	bind => [93D4872C-CC6C-465B-B1F6-62E6FBBC93B0]
[EL Fine]: sql: 2015-11-18 11:13:21.223--ClientSession(2137783780)--Connection(725724072)--Thread(Thread[Test worker,5,main])--DELETE FROM ast_PasswordAlgo_M WHERE ((algoId = ?) AND (versionId = ?))
	bind => [93D4872C-CC6C-465B-B1F6-62E6FBBC93B0, 2]
]]></system-out>
  <system-err><![CDATA[]]></system-err>
</testsuite>
