<?xml version="1.0" encoding="UTF-8"?>
<testsuite name="shop.app.server.service.QuestionTestCase" tests="4" skipped="0" failures="0" errors="0" timestamp="2015-11-18T11:13:15" hostname="841e5ca0647a" time="0.186">
  <properties/>
  <testcase name="test1Save" classname="shop.app.server.service.QuestionTestCase" time="0.097"/>
  <testcase name="test2Update" classname="shop.app.server.service.QuestionTestCase" time="0.044"/>
  <testcase name="test3FindById" classname="shop.app.server.service.QuestionTestCase" time="0.007"/>
  <testcase name="test4Delete" classname="shop.app.server.service.QuestionTestCase" time="0.036"/>
  <system-out><![CDATA[Setting logged in user info for ADD
In around repository aspect
[EL Fine]: sql: 2015-11-18 11:13:15.618--ClientSession(239397338)--Connection(725724072)--Thread(Thread[Test worker,5,main])--INSERT INTO ast_Question_M (questionId, levelid, question, questionDetails, questionIcon, versionId, createdBy, createdDate, updatedBy, updatedDate, activeStatus, txnAccessCode) VALUES (?, ?, ?, ?, ?, ?, ?, ?, ?, ?, ?, ?)
	bind => [4D083322-1D6B-441A-AD62-DC175FCC10ED, 4, 9m2obRhAlpQhg4hDaIBFRrIQ1xoBLUU2Ll36bSpQ5mNHrjxNpd, 8Uq, Nx2vFuiRZItjkV3D3OXeEpQU9MXdCLVueqYWkckSErk2DsVtON, 1, AAAAA, 2015-11-18 16:43:15.573, null, 2015-11-18 16:43:15.573, 1, null]
In around repository aspect
[EL Fine]: sql: 2015-11-18 11:13:15.661--ClientSession(296910078)--Connection(725724072)--Thread(Thread[Test worker,5,main])--SELECT questionId, levelid, question, questionDetails, questionIcon, versionId, createdBy, createdDate, updatedBy, updatedDate, activeStatus, txnAccessCode FROM ast_Question_M WHERE ((activeStatus = ?) AND (questionId = ?))
	bind => [1, 4D083322-1D6B-441A-AD62-DC175FCC10ED]
Setting logged in user info for UPDATE
In around repository aspect
[EL Fine]: sql: 2015-11-18 11:13:15.664--ClientSession(1545668959)--Connection(725724072)--Thread(Thread[Test worker,5,main])--SELECT questionId, levelid, question, questionDetails, questionIcon, versionId, createdBy, createdDate, updatedBy, updatedDate, activeStatus, txnAccessCode FROM ast_Question_M WHERE (questionId = ?)
	bind => [4D083322-1D6B-441A-AD62-DC175FCC10ED]
[EL Fine]: sql: 2015-11-18 11:13:15.666--ClientSession(1545668959)--Connection(725724072)--Thread(Thread[Test worker,5,main])--UPDATE ast_Question_M SET levelid = ?, question = ?, questionDetails = ?, questionIcon = ?, updatedBy = ?, versionId = ? WHERE ((questionId = ?) AND (versionId = ?))
	bind => [6, ZsWAmAFs5zp0ISdSiEvYS8SKPoErlylEOLhpDmJ7jpQbiXRcI0, 0HO, wWNhlgJRGSTHVXt8L7iQ3HZyS0zDEbSXyD6kmBcmkoia2HvVGp, AAAAA, 2, 4D083322-1D6B-441A-AD62-DC175FCC10ED, 1]
In around repository aspect
[EL Fine]: sql: 2015-11-18 11:13:15.705--ClientSession(1465754671)--Connection(725724072)--Thread(Thread[Test worker,5,main])--SELECT questionId, levelid, question, questionDetails, questionIcon, versionId, createdBy, createdDate, updatedBy, updatedDate, activeStatus, txnAccessCode FROM ast_Question_M WHERE ((activeStatus = ?) AND (questionId = ?))
	bind => [1, 4D083322-1D6B-441A-AD62-DC175FCC10ED]
In around repository aspect
[EL Fine]: sql: 2015-11-18 11:13:15.714--ClientSession(1056465078)--Connection(725724072)--Thread(Thread[Test worker,5,main])--SELECT questionId, levelid, question, questionDetails, questionIcon, versionId, createdBy, createdDate, updatedBy, updatedDate, activeStatus, txnAccessCode FROM ast_Question_M WHERE (questionId = ?)
	bind => [4D083322-1D6B-441A-AD62-DC175FCC10ED]
[EL Fine]: sql: 2015-11-18 11:13:15.717--ClientSession(1056465078)--Connection(725724072)--Thread(Thread[Test worker,5,main])--DELETE FROM ast_Question_M WHERE ((questionId = ?) AND (versionId = ?))
	bind => [4D083322-1D6B-441A-AD62-DC175FCC10ED, 2]
]]></system-out>
  <system-err><![CDATA[]]></system-err>
</testsuite>
